<?xml version="1.0" encoding="UTF-8"?>
<testsuite name="com.backendcoders.stockcontroller.users.SortDirTest" tests="7" skipped="0" failures="0" errors="0" timestamp="2023-10-31T02:15:30" hostname="DESKTOP-DDS3ILN" time="0.14">
  <properties/>
  <testcase name="[1] value=ASC" classname="com.backendcoders.stockcontroller.users.SortDirTest" time="0.059"/>
  <testcase name="[2] value=asc" classname="com.backendcoders.stockcontroller.users.SortDirTest" time="0.001"/>
  <testcase name="[3] value=Asc" classname="com.backendcoders.stockcontroller.users.SortDirTest" time="0.001"/>
  <testcase name="findOrThrow must throw BAD REQUEST if a invalid sort dir is passed()" classname="com.backendcoders.stockcontroller.users.SortDirTest" time="0.048"/>
  <testcase name="[1] value=DESC" classname="com.backendcoders.stockcontroller.users.SortDirTest" time="0.001"/>
  <testcase name="[2] value=desc" classname="com.backendcoders.stockcontroller.users.SortDirTest" time="0.002"/>
  <testcase name="[3] value=Desc" classname="com.backendcoders.stockcontroller.users.SortDirTest" time="0.001"/>
  <system-out><![CDATA[]]></system-out>
  <system-err><![CDATA[]]></system-err>
</testsuite>
